Determining if the pthread_create exist failed with the following output:
Change Dir: /home/nick/study/gpu-udacity/cs344/Problem Sets/Problem Set 2/build/CMakeFiles/CMakeTmp

Run Build Command:"/usr/bin/make" "cmTC_ec4a1/fast"
/usr/bin/make -f CMakeFiles/cmTC_ec4a1.dir/build.make CMakeFiles/cmTC_ec4a1.dir/build
make[1]: 正在进入目录 `/home/nick/study/gpu-udacity/cs344/Problem Sets/Problem Set 2/build/CMakeFiles/CMakeTmp'
Building C object CMakeFiles/cmTC_ec4a1.dir/CheckSymbolExists.c.o
/usr/bin/cc   -fPIC    -o CMakeFiles/cmTC_ec4a1.dir/CheckSymbolExists.c.o   -c "/home/nick/study/gpu-udacity/cs344/Problem Sets/Problem Set 2/build/CMakeFiles/CMakeTmp/CheckSymbolExists.c"
Linking C executable cmTC_ec4a1
/usr/local/bin/cmake -E cmake_link_script CMakeFiles/cmTC_ec4a1.dir/link.txt --verbose=1
/usr/bin/cc -fPIC     CMakeFiles/cmTC_ec4a1.dir/CheckSymbolExists.c.o  -o cmTC_ec4a1 
CMakeFiles/cmTC_ec4a1.dir/CheckSymbolExists.c.o：在函数‘main’中：
CheckSymbolExists.c:(.text+0x1b)：对‘pthread_create’未定义的引用
collect2: error: ld returned 1 exit status
make[1]: *** [cmTC_ec4a1] 错误 1
make[1]:正在离开目录 `/home/nick/study/gpu-udacity/cs344/Problem Sets/Problem Set 2/build/CMakeFiles/CMakeTmp'
make: *** [cmTC_ec4a1/fast] 错误 2

File /home/nick/study/gpu-udacity/cs344/Problem Sets/Problem Set 2/build/CMakeFiles/CMakeTmp/CheckSymbolExists.c:
/* */
#include <pthread.h>

int main(int argc, char** argv)
{
  (void)argv;
#ifndef pthread_create
  return ((int*)(&pthread_create))[argc];
#else
  (void)argc;
  return 0;
#endif
}

Determining if the function pthread_create exists in the pthreads failed with the following output:
Change Dir: /home/nick/study/gpu-udacity/cs344/Problem Sets/Problem Set 2/build/CMakeFiles/CMakeTmp

Run Build Command:"/usr/bin/make" "cmTC_fe53e/fast"
/usr/bin/make -f CMakeFiles/cmTC_fe53e.dir/build.make CMakeFiles/cmTC_fe53e.dir/build
make[1]: 正在进入目录 `/home/nick/study/gpu-udacity/cs344/Problem Sets/Problem Set 2/build/CMakeFiles/CMakeTmp'
Building C object CMakeFiles/cmTC_fe53e.dir/CheckFunctionExists.c.o
/usr/bin/cc   -fPIC -DCHECK_FUNCTION_EXISTS=pthread_create   -o CMakeFiles/cmTC_fe53e.dir/CheckFunctionExists.c.o   -c /usr/local/share/cmake-3.8/Modules/CheckFunctionExists.c
Linking C executable cmTC_fe53e
/usr/local/bin/cmake -E cmake_link_script CMakeFiles/cmTC_fe53e.dir/link.txt --verbose=1
/usr/bin/cc -fPIC -DCHECK_FUNCTION_EXISTS=pthread_create    CMakeFiles/cmTC_fe53e.dir/CheckFunctionExists.c.o  -o cmTC_fe53e -lpthreads 
/usr/bin/ld: 找不到 -lpthreads
collect2: error: ld returned 1 exit status
make[1]: *** [cmTC_fe53e] 错误 1
make[1]:正在离开目录 `/home/nick/study/gpu-udacity/cs344/Problem Sets/Problem Set 2/build/CMakeFiles/CMakeTmp'
make: *** [cmTC_fe53e/fast] 错误 2


